<?xml version="1.0" encoding="UTF-8"?>
<testng-results skipped="0" failed="0" total="1" passed="1">
  <reporter-output>
  </reporter-output>
  <suite name="Default suite" duration-ms="123329" started-at="2019-11-10T05:39:08Z" finished-at="2019-11-10T05:41:11Z">
    <groups>
    </groups>
    <test name="Default test" duration-ms="123329" started-at="2019-11-10T05:39:08Z" finished-at="2019-11-10T05:41:11Z">
      <class name="pack.SnapDeal">
        <test-method status="PASS" signature="login()[pri:0, instance:pack.SnapDeal@32d992b2]" name="login" duration-ms="123300" started-at="2019-11-10T11:09:08Z" finished-at="2019-11-10T11:11:11Z">
          <reporter-output>
          </reporter-output>
        </test-method> <!-- login -->
      </class> <!-- pack.SnapDeal -->
    </test> <!-- Default test -->
  </suite> <!-- Default suite -->
</testng-results>
